2025-03-19 16:06:32,448 - MavLink - INFO - -----------------------------------------------------------------
2025-03-19 16:06:32,448 - MavLink - INFO - GPS RAW INT
2025-03-19 16:06:32,449 - MavLink - INFO - MAVLINK GPS:   Devience in GPS is: 1789.7518896132578
2025-03-19 16:06:32,450 - MavLink - INFO - MAVLINK GPS:   GPS location: 34.0596771, -117.8196708
2025-03-19 16:06:32,450 - MavLink - INFO - -----------------------------------------------------------------
2025-03-19 16:06:39,011 - MavLink - INFO - -----------------------------------------------------------------
2025-03-19 16:06:39,012 - MavLink - INFO - GPS RAW INT
2025-03-19 16:06:39,013 - MavLink - INFO - MAVLINK GPS:   Devience in GPS is: 0.01109234463021225
2025-03-19 16:06:39,015 - MavLink - INFO - MAVLINK GPS:   GPS location: 34.059677199999996, -117.8196708
2025-03-19 16:06:39,015 - MavLink - INFO - -----------------------------------------------------------------
2025-03-19 16:06:46,282 - MavLink - INFO - -----------------------------------------------------------------
2025-03-19 16:06:46,282 - MavLink - INFO - GPS RAW INT
2025-03-19 16:06:46,282 - MavLink - INFO - MAVLINK GPS:   Devience in GPS is: 0.02153974062846141
2025-03-19 16:06:46,283 - MavLink - INFO - MAVLINK GPS:   GPS location: 34.0596773, -117.8196706
2025-03-19 16:06:46,283 - MavLink - INFO - -----------------------------------------------------------------
2025-03-19 16:07:25,739 - MavLink - INFO - -----------------------------------------------------------------
2025-03-19 16:07:25,739 - MavLink - INFO - GPS RAW INT
2025-03-19 16:07:25,740 - MavLink - INFO - MAVLINK GPS:   Devience in GPS is: 1787.8889947049674
2025-03-19 16:07:25,741 - MavLink - INFO - MAVLINK GPS:   GPS location: 34.0596678, -117.81964669999999
2025-03-19 16:07:25,741 - MavLink - INFO - -----------------------------------------------------------------
2025-03-19 16:07:29,070 - MavLink - INFO - -----------------------------------------------------------------
2025-03-19 16:07:29,070 - MavLink - INFO - GPS RAW INT
2025-03-19 16:07:29,071 - MavLink - INFO - MAVLINK GPS:   Devience in GPS is: 3.0725644575068
2025-03-19 16:07:29,071 - MavLink - INFO - MAVLINK GPS:   GPS location: 34.0596854, -117.819621
2025-03-19 16:07:29,071 - MavLink - INFO - -----------------------------------------------------------------
2025-03-19 16:07:37,691 - DetectorThreadRunner - INFO - Monocular Vision Arguments: 

2025-03-19 16:07:37,692 - DetectorThreadRunner - INFO - Location: {'lat': 34.0596854, 'lon': -117.819621, 'hdg': -1.0, 'alt': 0, 'type': 'GPS_RAW_INT'}

2025-03-19 16:07:37,692 - DetectorThreadRunner - INFO - GSD: 0.0

2025-03-19 16:07:37,692 - DetectorThreadRunner - INFO - Image Shape: (720, 2560, 3)

2025-03-19 16:07:37,692 - DetectorThreadRunner - INFO - Center: 1901.5, 130.5

2025-03-19 16:07:37,693 - DetectorThreadRunner - INFO - >>> High confidenceMonocular Vision: Latitude: 34.05968539978815 Longitude: -117.81962099999838


2025-03-19 16:07:37,693 - DetectorThreadRunner - INFO - >>> High confidenceTime: 1742425657.6930492

2025-03-19 16:07:37,693 - DetectorThreadRunner - INFO - ------------------------------------------------------

2025-03-19 16:07:37,693 - DetectorThreadRunner - INFO - Detection time: None

2025-03-19 16:07:37,693 - DetectorThreadRunner - INFO - Person location: {'lat': 34.05968539978815, 'lon': -117.81962099999838}


2025-03-19 16:07:39,096 - MavLink - INFO - -----------------------------------------------------------------
2025-03-19 16:07:39,096 - MavLink - INFO - GPS RAW INT
2025-03-19 16:07:39,097 - MavLink - INFO - MAVLINK GPS:   Devience in GPS is: 0.10215613635150284
2025-03-19 16:07:39,097 - MavLink - INFO - MAVLINK GPS:   GPS location: 34.0596855, -117.81961989999999
2025-03-19 16:07:39,097 - MavLink - INFO - -----------------------------------------------------------------
2025-03-19 16:07:43,390 - DetectorThreadRunner - INFO - Monocular Vision Arguments: 

2025-03-19 16:07:43,391 - DetectorThreadRunner - INFO - Location: {'lat': 34.0596855, 'lon': -117.81961989999999, 'hdg': -1.0, 'alt': 0, 'type': 'GPS_RAW_INT'}

2025-03-19 16:07:43,391 - DetectorThreadRunner - INFO - GSD: 0.0

2025-03-19 16:07:43,391 - DetectorThreadRunner - INFO - Image Shape: (720, 2560, 3)

2025-03-19 16:07:43,391 - DetectorThreadRunner - INFO - Center: 297.0, 380.0

2025-03-19 16:07:43,391 - DetectorThreadRunner - INFO - >>> High confidenceMonocular Vision: Latitude: 34.05968549978815 Longitude: -117.81961989999837


2025-03-19 16:07:43,391 - DetectorThreadRunner - INFO - >>> High confidenceTime: 1742425663.3918052

2025-03-19 16:07:43,392 - DetectorThreadRunner - INFO - ------------------------------------------------------

2025-03-19 16:07:43,392 - DetectorThreadRunner - INFO - Detection time: None

2025-03-19 16:07:43,392 - DetectorThreadRunner - INFO - Person location: {'lat': 34.05968549978815, 'lon': -117.81961989999837}


2025-03-19 16:07:43,842 - MavLink - INFO - -----------------------------------------------------------------
2025-03-19 16:07:43,843 - MavLink - INFO - GPS RAW INT
2025-03-19 16:07:43,843 - MavLink - INFO - MAVLINK GPS:   Devience in GPS is: 0.15300608796772136
2025-03-19 16:07:43,843 - MavLink - INFO - MAVLINK GPS:   GPS location: 34.0596844, -117.8196189
2025-03-19 16:07:43,843 - MavLink - INFO - -----------------------------------------------------------------
2025-03-19 16:07:48,612 - DetectorThreadRunner - INFO - Monocular Vision Arguments: 

2025-03-19 16:07:48,612 - DetectorThreadRunner - INFO - Location: {'lat': 34.0596844, 'lon': -117.8196189, 'hdg': -1.0, 'alt': 0, 'type': 'GPS_RAW_INT'}

2025-03-19 16:07:48,613 - DetectorThreadRunner - INFO - GSD: 0.0

2025-03-19 16:07:48,613 - DetectorThreadRunner - INFO - Image Shape: (720, 2560, 3)

2025-03-19 16:07:48,613 - DetectorThreadRunner - INFO - Center: 651.5, 39.5

2025-03-19 16:07:48,613 - DetectorThreadRunner - INFO - >>> High confidenceMonocular Vision: Latitude: 34.059684399788146 Longitude: -117.81961889999837


2025-03-19 16:07:48,613 - DetectorThreadRunner - INFO - >>> High confidenceTime: 1742425668.61365

2025-03-19 16:07:48,613 - DetectorThreadRunner - INFO - ------------------------------------------------------

2025-03-19 16:07:48,614 - DetectorThreadRunner - INFO - Detection time: None

2025-03-19 16:07:48,614 - DetectorThreadRunner - INFO - Person location: {'lat': 34.059684399788146, 'lon': -117.81961889999837}


2025-03-19 16:07:50,505 - MavLink - INFO - -----------------------------------------------------------------
2025-03-19 16:07:50,505 - MavLink - INFO - GPS RAW INT
2025-03-19 16:07:50,506 - MavLink - INFO - MAVLINK GPS:   Devience in GPS is: 0.06663095896861392
2025-03-19 16:07:50,506 - MavLink - INFO - MAVLINK GPS:   GPS location: 34.059683899999996, -117.81961849999999
2025-03-19 16:07:50,506 - MavLink - INFO - -----------------------------------------------------------------
2025-03-19 16:07:52,608 - DetectorThreadRunner - INFO - Monocular Vision Arguments: 

2025-03-19 16:07:52,609 - DetectorThreadRunner - INFO - Location: {'lat': 34.059683899999996, 'lon': -117.81961849999999, 'hdg': -1.0, 'alt': 0, 'type': 'GPS_RAW_INT'}

2025-03-19 16:07:52,609 - DetectorThreadRunner - INFO - GSD: 0.0

2025-03-19 16:07:52,610 - DetectorThreadRunner - INFO - Image Shape: (720, 2560, 3)

2025-03-19 16:07:52,610 - DetectorThreadRunner - INFO - Center: 709.0, 46.0

2025-03-19 16:07:52,610 - DetectorThreadRunner - INFO - >>> High confidenceMonocular Vision: Latitude: 34.059683899788155 Longitude: -117.81961849999836


2025-03-19 16:07:52,610 - DetectorThreadRunner - INFO - >>> High confidenceTime: 1742425672.6105175

2025-03-19 16:07:52,610 - DetectorThreadRunner - INFO - ------------------------------------------------------

2025-03-19 16:07:52,610 - DetectorThreadRunner - INFO - Detection time: None

2025-03-19 16:07:52,611 - DetectorThreadRunner - INFO - Person location: {'lat': 34.059683899788155, 'lon': -117.81961849999836}


2025-03-19 16:07:53,864 - MavLink - INFO - -----------------------------------------------------------------
2025-03-19 16:07:53,865 - MavLink - INFO - GPS RAW INT
2025-03-19 16:07:53,865 - MavLink - INFO - MAVLINK GPS:   Devience in GPS is: 1.8307561789025086
2025-03-19 16:07:53,866 - MavLink - INFO - MAVLINK GPS:   GPS location: 34.0596734, -117.81960319999999
2025-03-19 16:07:53,866 - MavLink - INFO - -----------------------------------------------------------------
2025-03-19 16:07:57,804 - MavLink - INFO - -----------------------------------------------------------------
2025-03-19 16:07:57,805 - MavLink - INFO - GPS RAW INT
2025-03-19 16:07:57,805 - MavLink - INFO - MAVLINK GPS:   Devience in GPS is: 0.06199253430872202
2025-03-19 16:07:57,805 - MavLink - INFO - MAVLINK GPS:   GPS location: 34.0596739, -117.81960289999999
2025-03-19 16:07:57,806 - MavLink - INFO - -----------------------------------------------------------------
2025-03-19 16:07:58,753 - DetectorThreadRunner - INFO - Monocular Vision Arguments: 

2025-03-19 16:07:58,753 - DetectorThreadRunner - INFO - Location: {'lat': 34.0596739, 'lon': -117.81960289999999, 'hdg': -1.0, 'alt': 0, 'type': 'GPS_RAW_INT'}

2025-03-19 16:07:58,755 - DetectorThreadRunner - INFO - GSD: 0.0

2025-03-19 16:07:58,756 - DetectorThreadRunner - INFO - Image Shape: (720, 2560, 3)

2025-03-19 16:07:58,756 - DetectorThreadRunner - INFO - Center: 13.5, 354.5

2025-03-19 16:07:58,756 - DetectorThreadRunner - INFO - >>> High confidenceMonocular Vision: Latitude: 34.059673899788145 Longitude: -117.81960289999836


2025-03-19 16:07:58,756 - DetectorThreadRunner - INFO - >>> High confidenceTime: 1742425678.756613

2025-03-19 16:07:58,757 - DetectorThreadRunner - INFO - ------------------------------------------------------

2025-03-19 16:07:58,757 - DetectorThreadRunner - INFO - Detection time: None

2025-03-19 16:07:58,757 - DetectorThreadRunner - INFO - Person location: {'lat': 34.059673899788145, 'lon': -117.81960289999836}


2025-03-19 16:08:02,552 - MavLink - INFO - -----------------------------------------------------------------
2025-03-19 16:08:02,553 - MavLink - INFO - GPS RAW INT
2025-03-19 16:08:02,553 - MavLink - INFO - MAVLINK GPS:   Devience in GPS is: 0.4361334084751996
2025-03-19 16:08:02,554 - MavLink - INFO - MAVLINK GPS:   GPS location: 34.05967, -117.8196035
2025-03-19 16:08:02,554 - MavLink - INFO - -----------------------------------------------------------------
2025-03-19 16:08:03,459 - DetectorThreadRunner - INFO - Monocular Vision Arguments: 

2025-03-19 16:08:03,460 - DetectorThreadRunner - INFO - Location: {'lat': 34.05967, 'lon': -117.8196035, 'hdg': -1.0, 'alt': 0, 'type': 'GPS_RAW_INT'}

2025-03-19 16:08:03,460 - DetectorThreadRunner - INFO - GSD: 0.0

2025-03-19 16:08:03,460 - DetectorThreadRunner - INFO - Image Shape: (720, 2560, 3)

2025-03-19 16:08:03,460 - DetectorThreadRunner - INFO - Center: 510.0, 222.0

2025-03-19 16:08:03,460 - DetectorThreadRunner - INFO - >>> High confidenceMonocular Vision: Latitude: 34.059669999788156 Longitude: -117.81960349999837


2025-03-19 16:08:03,461 - DetectorThreadRunner - INFO - >>> High confidenceTime: 1742425683.4608347

2025-03-19 16:08:03,461 - DetectorThreadRunner - INFO - ------------------------------------------------------

2025-03-19 16:08:03,461 - DetectorThreadRunner - INFO - Detection time: None

2025-03-19 16:08:03,461 - DetectorThreadRunner - INFO - Person location: {'lat': 34.059669999788156, 'lon': -117.81960349999837}


2025-03-19 16:08:07,193 - MavLink - INFO - -----------------------------------------------------------------
2025-03-19 16:08:07,194 - MavLink - INFO - GPS RAW INT
2025-03-19 16:08:07,194 - MavLink - INFO - MAVLINK GPS:   Devience in GPS is: 0.03855802706270319
2025-03-19 16:08:07,194 - MavLink - INFO - MAVLINK GPS:   GPS location: 34.0596701, -117.8196031
2025-03-19 16:08:07,194 - MavLink - INFO - -----------------------------------------------------------------
2025-03-19 16:08:07,663 - DetectorThreadRunner - INFO - Monocular Vision Arguments: 

2025-03-19 16:08:07,664 - DetectorThreadRunner - INFO - Location: {'lat': 34.0596701, 'lon': -117.8196031, 'hdg': -1.0, 'alt': 0, 'type': 'GPS_RAW_INT'}

2025-03-19 16:08:07,664 - DetectorThreadRunner - INFO - GSD: 0.0

2025-03-19 16:08:07,664 - DetectorThreadRunner - INFO - Image Shape: (720, 2560, 3)

2025-03-19 16:08:07,664 - DetectorThreadRunner - INFO - Center: 1799.0, 231.5

2025-03-19 16:08:07,665 - DetectorThreadRunner - INFO - >>> High confidenceMonocular Vision: Latitude: 34.05967009978815 Longitude: -117.81960309999837


2025-03-19 16:08:07,665 - DetectorThreadRunner - INFO - >>> High confidenceTime: 1742425687.6650527

2025-03-19 16:08:07,665 - DetectorThreadRunner - INFO - ------------------------------------------------------

2025-03-19 16:08:07,665 - DetectorThreadRunner - INFO - Detection time: None

2025-03-19 16:08:07,665 - DetectorThreadRunner - INFO - Person location: {'lat': 34.05967009978815, 'lon': -117.81960309999837}


2025-03-19 16:08:10,461 - MavLink - INFO - -----------------------------------------------------------------
2025-03-19 16:08:10,461 - MavLink - INFO - GPS RAW INT
2025-03-19 16:08:10,461 - MavLink - INFO - MAVLINK GPS:   Devience in GPS is: 0.02769604123007065
2025-03-19 16:08:10,462 - MavLink - INFO - MAVLINK GPS:   GPS location: 34.0596701, -117.81960339999999
2025-03-19 16:08:10,462 - MavLink - INFO - -----------------------------------------------------------------
2025-03-19 16:08:13,890 - MavLink - INFO - -----------------------------------------------------------------
2025-03-19 16:08:13,890 - MavLink - INFO - GPS RAW INT
2025-03-19 16:08:13,891 - MavLink - INFO - MAVLINK GPS:   Devience in GPS is: 0.6265292493245395
2025-03-19 16:08:13,891 - MavLink - INFO - MAVLINK GPS:   GPS location: 34.059667999999995, -117.8196097
2025-03-19 16:08:13,891 - MavLink - INFO - -----------------------------------------------------------------
2025-03-19 16:08:18,714 - DetectorThreadRunner - INFO - Monocular Vision Arguments: 

2025-03-19 16:08:18,714 - DetectorThreadRunner - INFO - Location: {'lat': 34.059667999999995, 'lon': -117.8196097, 'hdg': -1.0, 'alt': 0, 'type': 'GPS_RAW_INT'}

2025-03-19 16:08:18,714 - DetectorThreadRunner - INFO - GSD: 0.0

2025-03-19 16:08:18,714 - DetectorThreadRunner - INFO - Image Shape: (720, 2560, 3)

2025-03-19 16:08:18,714 - DetectorThreadRunner - INFO - Center: 1799.0, 241.0

2025-03-19 16:08:18,714 - DetectorThreadRunner - INFO - >>> High confidenceMonocular Vision: Latitude: 34.05966799978813 Longitude: -117.81960969999837


2025-03-19 16:08:18,714 - DetectorThreadRunner - INFO - >>> High confidenceTime: 1742425698.7148442

2025-03-19 16:08:18,715 - DetectorThreadRunner - INFO - ------------------------------------------------------

2025-03-19 16:08:18,715 - DetectorThreadRunner - INFO - Detection time: None

2025-03-19 16:08:18,715 - DetectorThreadRunner - INFO - Person location: {'lat': 34.05966799978813, 'lon': -117.81960969999837}


2025-03-19 18:14:58,997 - MavLink - INFO - -----------------------------------------------------------------
2025-03-19 18:14:59,000 - MavLink - INFO - GPS RAW INT
2025-03-19 18:14:59,002 - MavLink - INFO - MAVLINK GPS:   Devience in GPS is: 12546949.591142962
2025-03-19 18:14:59,002 - MavLink - INFO - MAVLINK GPS:   GPS location: 0.0, 0.0
2025-03-19 18:14:59,002 - MavLink - INFO - -----------------------------------------------------------------
2025-03-19 18:15:02,443 - MavLink - INFO - -----------------------------------------------------------------
2025-03-19 18:15:02,443 - MavLink - INFO - GPS RAW INT
2025-03-19 18:15:02,444 - MavLink - INFO - MAVLINK GPS:   Devience in GPS is: 0.0
2025-03-19 18:15:02,444 - MavLink - INFO - MAVLINK GPS:   GPS location: 0.0, 0.0
2025-03-19 18:15:02,445 - MavLink - INFO - -----------------------------------------------------------------
2025-03-19 18:15:06,290 - MavLink - INFO - -----------------------------------------------------------------
2025-03-19 18:15:06,291 - MavLink - INFO - GPS RAW INT
2025-03-19 18:15:06,291 - MavLink - INFO - MAVLINK GPS:   Devience in GPS is: 0.0
2025-03-19 18:15:06,292 - MavLink - INFO - MAVLINK GPS:   GPS location: 0.0, 0.0
2025-03-19 18:15:06,292 - MavLink - INFO - -----------------------------------------------------------------
2025-03-19 18:15:09,732 - MavLink - INFO - -----------------------------------------------------------------
2025-03-19 18:15:09,733 - MavLink - INFO - GPS RAW INT
2025-03-19 18:15:09,734 - MavLink - INFO - MAVLINK GPS:   Devience in GPS is: 0.0
2025-03-19 18:15:09,734 - MavLink - INFO - MAVLINK GPS:   GPS location: 0.0, 0.0
2025-03-19 18:15:09,735 - MavLink - INFO - -----------------------------------------------------------------
2025-03-19 18:15:13,479 - MavLink - INFO - -----------------------------------------------------------------
2025-03-19 18:15:13,480 - MavLink - INFO - GPS RAW INT
2025-03-19 18:15:13,481 - MavLink - INFO - MAVLINK GPS:   Devience in GPS is: 0.0
2025-03-19 18:15:13,481 - MavLink - INFO - MAVLINK GPS:   GPS location: 0.0, 0.0
2025-03-19 18:15:13,481 - MavLink - INFO - -----------------------------------------------------------------
2025-03-19 18:15:16,720 - MavLink - INFO - -----------------------------------------------------------------
2025-03-19 18:15:16,720 - MavLink - INFO - GPS RAW INT
2025-03-19 18:15:16,721 - MavLink - INFO - MAVLINK GPS:   Devience in GPS is: 0.0
2025-03-19 18:15:16,721 - MavLink - INFO - MAVLINK GPS:   GPS location: 0.0, 0.0
2025-03-19 18:15:16,721 - MavLink - INFO - -----------------------------------------------------------------
2025-03-19 18:15:20,578 - MavLink - INFO - -----------------------------------------------------------------
2025-03-19 18:15:20,578 - MavLink - INFO - GPS RAW INT
2025-03-19 18:15:20,579 - MavLink - INFO - MAVLINK GPS:   Devience in GPS is: 0.0
2025-03-19 18:15:20,579 - MavLink - INFO - MAVLINK GPS:   GPS location: 0.0, 0.0
2025-03-19 18:15:20,579 - MavLink - INFO - -----------------------------------------------------------------
2025-03-19 18:18:47,565 - MavLink - INFO - -----------------------------------------------------------------
2025-03-19 18:18:47,566 - MavLink - INFO - GPS RAW INT
2025-03-19 18:18:47,567 - MavLink - INFO - MAVLINK GPS:   Devience in GPS is: 12546949.591142962
2025-03-19 18:18:47,567 - MavLink - INFO - MAVLINK GPS:   GPS location: 0.0, 0.0
2025-03-19 18:18:47,568 - MavLink - INFO - -----------------------------------------------------------------
2025-03-19 18:18:50,806 - MavLink - INFO - -----------------------------------------------------------------
2025-03-19 18:18:50,807 - MavLink - INFO - GPS RAW INT
2025-03-19 18:18:50,808 - MavLink - INFO - MAVLINK GPS:   Devience in GPS is: 0.0
2025-03-19 18:18:50,808 - MavLink - INFO - MAVLINK GPS:   GPS location: 0.0, 0.0
2025-03-19 18:18:50,808 - MavLink - INFO - -----------------------------------------------------------------
2025-03-19 18:18:57,686 - MavLink - INFO - -----------------------------------------------------------------
2025-03-19 18:18:57,686 - MavLink - INFO - GPS RAW INT
2025-03-19 18:18:57,687 - MavLink - INFO - MAVLINK GPS:   Devience in GPS is: 0.0
2025-03-19 18:18:57,687 - MavLink - INFO - MAVLINK GPS:   GPS location: 0.0, 0.0
2025-03-19 18:18:57,687 - MavLink - INFO - -----------------------------------------------------------------
2025-03-19 18:19:00,857 - MavLink - INFO - -----------------------------------------------------------------
2025-03-19 18:19:00,858 - MavLink - INFO - GPS RAW INT
2025-03-19 18:19:00,858 - MavLink - INFO - MAVLINK GPS:   Devience in GPS is: 0.0
2025-03-19 18:19:00,858 - MavLink - INFO - MAVLINK GPS:   GPS location: 0.0, 0.0
2025-03-19 18:19:00,859 - MavLink - INFO - -----------------------------------------------------------------
2025-03-19 18:19:05,112 - MavLink - INFO - -----------------------------------------------------------------
2025-03-19 18:19:05,113 - MavLink - INFO - GPS RAW INT
2025-03-19 18:19:05,114 - MavLink - INFO - MAVLINK GPS:   Devience in GPS is: 0.0
2025-03-19 18:19:05,114 - MavLink - INFO - MAVLINK GPS:   GPS location: 0.0, 0.0
2025-03-19 18:19:05,114 - MavLink - INFO - -----------------------------------------------------------------
2025-03-19 18:20:33,683 - MavLink - INFO - -----------------------------------------------------------------
2025-03-19 18:20:33,686 - MavLink - INFO - GPS RAW INT
2025-03-19 18:20:33,688 - MavLink - INFO - MAVLINK GPS:   Devience in GPS is: 12546949.591142962
2025-03-19 18:20:33,688 - MavLink - INFO - MAVLINK GPS:   GPS location: 0.0, 0.0
2025-03-19 18:20:33,689 - MavLink - INFO - -----------------------------------------------------------------
2025-03-19 18:20:37,030 - MavLink - INFO - -----------------------------------------------------------------
2025-03-19 18:20:37,031 - MavLink - INFO - GPS RAW INT
2025-03-19 18:20:37,032 - MavLink - INFO - MAVLINK GPS:   Devience in GPS is: 0.0
2025-03-19 18:20:37,033 - MavLink - INFO - MAVLINK GPS:   GPS location: 0.0, 0.0
2025-03-19 18:20:37,033 - MavLink - INFO - -----------------------------------------------------------------
2025-03-19 18:20:42,909 - MavLink - INFO - -----------------------------------------------------------------
2025-03-19 18:20:42,910 - MavLink - INFO - GPS RAW INT
2025-03-19 18:20:42,911 - MavLink - INFO - MAVLINK GPS:   Devience in GPS is: 0.0
2025-03-19 18:20:42,911 - MavLink - INFO - MAVLINK GPS:   GPS location: 0.0, 0.0
2025-03-19 18:20:42,911 - MavLink - INFO - -----------------------------------------------------------------
2025-03-19 18:20:48,377 - MavLink - INFO - -----------------------------------------------------------------
2025-03-19 18:20:48,377 - MavLink - INFO - GPS RAW INT
2025-03-19 18:20:48,378 - MavLink - INFO - MAVLINK GPS:   Devience in GPS is: 0.0
2025-03-19 18:20:48,378 - MavLink - INFO - MAVLINK GPS:   GPS location: 0.0, 0.0
2025-03-19 18:20:48,379 - MavLink - INFO - -----------------------------------------------------------------
2025-03-19 18:20:52,836 - MavLink - INFO - -----------------------------------------------------------------
2025-03-19 18:20:52,837 - MavLink - INFO - GPS RAW INT
2025-03-19 18:20:52,837 - MavLink - INFO - MAVLINK GPS:   Devience in GPS is: 0.0
2025-03-19 18:20:52,838 - MavLink - INFO - MAVLINK GPS:   GPS location: 0.0, 0.0
2025-03-19 18:20:52,838 - MavLink - INFO - -----------------------------------------------------------------
2025-03-19 18:20:58,000 - MavLink - INFO - -----------------------------------------------------------------
2025-03-19 18:20:58,000 - MavLink - INFO - GPS RAW INT
2025-03-19 18:20:58,001 - MavLink - INFO - MAVLINK GPS:   Devience in GPS is: 0.0
2025-03-19 18:20:58,002 - MavLink - INFO - MAVLINK GPS:   GPS location: 0.0, 0.0
2025-03-19 18:20:58,002 - MavLink - INFO - -----------------------------------------------------------------
2025-03-19 18:21:04,175 - MavLink - INFO - -----------------------------------------------------------------
2025-03-19 18:21:04,175 - MavLink - INFO - GPS RAW INT
2025-03-19 18:21:04,176 - MavLink - INFO - MAVLINK GPS:   Devience in GPS is: 0.0
2025-03-19 18:21:04,176 - MavLink - INFO - MAVLINK GPS:   GPS location: 0.0, 0.0
2025-03-19 18:21:04,176 - MavLink - INFO - -----------------------------------------------------------------
2025-03-19 18:21:08,937 - MavLink - INFO - -----------------------------------------------------------------
2025-03-19 18:21:08,937 - MavLink - INFO - GPS RAW INT
2025-03-19 18:21:08,938 - MavLink - INFO - MAVLINK GPS:   Devience in GPS is: 0.0
2025-03-19 18:21:08,938 - MavLink - INFO - MAVLINK GPS:   GPS location: 0.0, 0.0
2025-03-19 18:21:08,939 - MavLink - INFO - -----------------------------------------------------------------
2025-03-19 18:21:12,178 - MavLink - INFO - -----------------------------------------------------------------
2025-03-19 18:21:12,179 - MavLink - INFO - GPS RAW INT
2025-03-19 18:21:12,180 - MavLink - INFO - MAVLINK GPS:   Devience in GPS is: 0.0
2025-03-19 18:21:12,180 - MavLink - INFO - MAVLINK GPS:   GPS location: 0.0, 0.0
2025-03-19 18:21:12,180 - MavLink - INFO - -----------------------------------------------------------------
2025-03-19 18:21:15,622 - MavLink - INFO - -----------------------------------------------------------------
2025-03-19 18:21:15,623 - MavLink - INFO - GPS RAW INT
2025-03-19 18:21:15,624 - MavLink - INFO - MAVLINK GPS:   Devience in GPS is: 0.0
2025-03-19 18:21:15,624 - MavLink - INFO - MAVLINK GPS:   GPS location: 0.0, 0.0
2025-03-19 18:21:15,624 - MavLink - INFO - -----------------------------------------------------------------
2025-03-19 18:21:39,911 - MavLink - INFO - -----------------------------------------------------------------
2025-03-19 18:21:40,165 - MavLink - INFO - GPS RAW INT
2025-03-19 18:21:40,166 - MavLink - INFO - MAVLINK GPS:   Devience in GPS is: 12546949.591142962
2025-03-19 18:21:40,166 - MavLink - INFO - MAVLINK GPS:   GPS location: 0.0, 0.0
2025-03-19 18:21:40,166 - MavLink - INFO - -----------------------------------------------------------------
2025-03-19 18:21:44,113 - MavLink - INFO - -----------------------------------------------------------------
2025-03-19 18:21:44,113 - MavLink - INFO - GPS RAW INT
2025-03-19 18:21:44,113 - MavLink - INFO - MAVLINK GPS:   Devience in GPS is: 0.0
2025-03-19 18:21:44,114 - MavLink - INFO - MAVLINK GPS:   GPS location: 0.0, 0.0
2025-03-19 18:21:44,114 - MavLink - INFO - -----------------------------------------------------------------
2025-03-19 18:21:49,772 - MavLink - INFO - -----------------------------------------------------------------
2025-03-19 18:21:49,772 - MavLink - INFO - GPS RAW INT
2025-03-19 18:21:49,773 - MavLink - INFO - MAVLINK GPS:   Devience in GPS is: 0.0
2025-03-19 18:21:49,773 - MavLink - INFO - MAVLINK GPS:   GPS location: 0.0, 0.0
2025-03-19 18:21:49,773 - MavLink - INFO - -----------------------------------------------------------------
2025-03-19 18:21:55,118 - MavLink - INFO - -----------------------------------------------------------------
2025-03-19 18:21:55,118 - MavLink - INFO - GPS RAW INT
2025-03-19 18:21:55,119 - MavLink - INFO - MAVLINK GPS:   Devience in GPS is: 0.0
2025-03-19 18:21:55,119 - MavLink - INFO - MAVLINK GPS:   GPS location: 0.0, 0.0
2025-03-19 18:21:55,119 - MavLink - INFO - -----------------------------------------------------------------
2025-03-19 18:21:59,754 - MavLink - INFO - -----------------------------------------------------------------
2025-03-19 18:21:59,754 - MavLink - INFO - GPS RAW INT
2025-03-19 18:21:59,755 - MavLink - INFO - MAVLINK GPS:   Devience in GPS is: 0.0
2025-03-19 18:21:59,755 - MavLink - INFO - MAVLINK GPS:   GPS location: 0.0, 0.0
2025-03-19 18:21:59,755 - MavLink - INFO - -----------------------------------------------------------------
2025-03-19 18:22:09,632 - MavLink - INFO - -----------------------------------------------------------------
2025-03-19 18:22:10,084 - MavLink - INFO - GPS RAW INT
2025-03-19 18:22:10,085 - MavLink - INFO - MAVLINK GPS:   Devience in GPS is: 0.0
2025-03-19 18:22:10,087 - MavLink - INFO - MAVLINK GPS:   GPS location: 0.0, 0.0
2025-03-19 18:22:10,087 - MavLink - INFO - -----------------------------------------------------------------
2025-03-19 18:22:19,069 - MavLink - INFO - -----------------------------------------------------------------
2025-03-19 18:22:19,070 - MavLink - INFO - GPS RAW INT
2025-03-19 18:22:19,070 - MavLink - INFO - MAVLINK GPS:   Devience in GPS is: 0.0
2025-03-19 18:22:19,070 - MavLink - INFO - MAVLINK GPS:   GPS location: 0.0, 0.0
2025-03-19 18:22:19,070 - MavLink - INFO - -----------------------------------------------------------------
2025-03-19 18:22:22,637 - MavLink - INFO - -----------------------------------------------------------------
2025-03-19 18:22:23,555 - MavLink - INFO - GPS RAW INT
2025-03-19 18:22:23,555 - MavLink - INFO - MAVLINK GPS:   Devience in GPS is: 0.0
2025-03-19 18:22:23,556 - MavLink - INFO - MAVLINK GPS:   GPS location: 0.0, 0.0
2025-03-19 18:22:23,556 - MavLink - INFO - -----------------------------------------------------------------
2025-03-19 18:22:29,853 - MavLink - INFO - -----------------------------------------------------------------
2025-03-19 18:22:29,854 - MavLink - INFO - GPS RAW INT
2025-03-19 18:22:29,855 - MavLink - INFO - MAVLINK GPS:   Devience in GPS is: 0.0
2025-03-19 18:22:29,855 - MavLink - INFO - MAVLINK GPS:   GPS location: 0.0, 0.0
2025-03-19 18:22:29,855 - MavLink - INFO - -----------------------------------------------------------------
2025-03-19 18:22:38,541 - MavLink - INFO - -----------------------------------------------------------------
2025-03-19 18:22:38,541 - MavLink - INFO - GPS RAW INT
2025-03-19 18:22:38,542 - MavLink - INFO - MAVLINK GPS:   Devience in GPS is: 0.0
2025-03-19 18:22:38,542 - MavLink - INFO - MAVLINK GPS:   GPS location: 0.0, 0.0
2025-03-19 18:22:38,542 - MavLink - INFO - -----------------------------------------------------------------
2025-03-19 18:22:41,575 - MavLink - INFO - -----------------------------------------------------------------
2025-03-19 18:22:41,576 - MavLink - INFO - GPS RAW INT
2025-03-19 18:22:41,576 - MavLink - INFO - MAVLINK GPS:   Devience in GPS is: 0.0
2025-03-19 18:22:41,576 - MavLink - INFO - MAVLINK GPS:   GPS location: 0.0, 0.0
2025-03-19 18:22:41,576 - MavLink - INFO - -----------------------------------------------------------------
2025-03-19 18:22:47,937 - MavLink - INFO - -----------------------------------------------------------------
2025-03-19 18:22:47,937 - MavLink - INFO - GPS RAW INT
2025-03-19 18:22:47,937 - MavLink - INFO - MAVLINK GPS:   Devience in GPS is: 0.0
2025-03-19 18:22:47,938 - MavLink - INFO - MAVLINK GPS:   GPS location: 0.0, 0.0
2025-03-19 18:22:47,938 - MavLink - INFO - -----------------------------------------------------------------
2025-03-19 18:22:51,161 - MavLink - INFO - -----------------------------------------------------------------
2025-03-19 18:22:51,161 - MavLink - INFO - GPS RAW INT
2025-03-19 18:22:51,162 - MavLink - INFO - MAVLINK GPS:   Devience in GPS is: 0.0
2025-03-19 18:22:51,162 - MavLink - INFO - MAVLINK GPS:   GPS location: 0.0, 0.0
2025-03-19 18:22:51,162 - MavLink - INFO - -----------------------------------------------------------------
2025-03-19 18:22:58,317 - MavLink - INFO - -----------------------------------------------------------------
2025-03-19 18:22:58,318 - MavLink - INFO - GPS RAW INT
2025-03-19 18:22:58,318 - MavLink - INFO - MAVLINK GPS:   Devience in GPS is: 0.0
2025-03-19 18:22:58,318 - MavLink - INFO - MAVLINK GPS:   GPS location: 0.0, 0.0
2025-03-19 18:22:58,318 - MavLink - INFO - -----------------------------------------------------------------
2025-03-19 18:23:03,063 - MavLink - INFO - -----------------------------------------------------------------
2025-03-19 18:23:03,063 - MavLink - INFO - GPS RAW INT
2025-03-19 18:23:03,064 - MavLink - INFO - MAVLINK GPS:   Devience in GPS is: 0.0
2025-03-19 18:23:03,064 - MavLink - INFO - MAVLINK GPS:   GPS location: 0.0, 0.0
2025-03-19 18:23:03,064 - MavLink - INFO - -----------------------------------------------------------------
2025-03-19 18:23:07,504 - MavLink - INFO - -----------------------------------------------------------------
2025-03-19 18:23:07,505 - MavLink - INFO - GPS RAW INT
2025-03-19 18:23:07,505 - MavLink - INFO - MAVLINK GPS:   Devience in GPS is: 0.0
2025-03-19 18:23:07,506 - MavLink - INFO - MAVLINK GPS:   GPS location: 0.0, 0.0
2025-03-19 18:23:07,506 - MavLink - INFO - -----------------------------------------------------------------
2025-03-19 18:23:12,858 - MavLink - INFO - -----------------------------------------------------------------
2025-03-19 18:23:12,859 - MavLink - INFO - GPS RAW INT
2025-03-19 18:23:12,859 - MavLink - INFO - MAVLINK GPS:   Devience in GPS is: 0.0
2025-03-19 18:23:12,859 - MavLink - INFO - MAVLINK GPS:   GPS location: 0.0, 0.0
2025-03-19 18:23:12,859 - MavLink - INFO - -----------------------------------------------------------------
2025-03-19 18:23:16,198 - MavLink - INFO - -----------------------------------------------------------------
2025-03-19 18:23:16,199 - MavLink - INFO - GPS RAW INT
2025-03-19 18:23:16,199 - MavLink - INFO - MAVLINK GPS:   Devience in GPS is: 0.0
2025-03-19 18:23:16,199 - MavLink - INFO - MAVLINK GPS:   GPS location: 0.0, 0.0
2025-03-19 18:23:16,199 - MavLink - INFO - -----------------------------------------------------------------
2025-03-19 18:23:19,329 - MavLink - INFO - -----------------------------------------------------------------
2025-03-19 18:23:19,329 - MavLink - INFO - GPS RAW INT
2025-03-19 18:23:19,330 - MavLink - INFO - MAVLINK GPS:   Devience in GPS is: 0.0
2025-03-19 18:23:19,330 - MavLink - INFO - MAVLINK GPS:   GPS location: 0.0, 0.0
2025-03-19 18:23:19,330 - MavLink - INFO - -----------------------------------------------------------------
2025-03-19 18:23:25,583 - MavLink - INFO - -----------------------------------------------------------------
2025-03-19 18:23:25,583 - MavLink - INFO - GPS RAW INT
2025-03-19 18:23:25,584 - MavLink - INFO - MAVLINK GPS:   Devience in GPS is: 0.0
2025-03-19 18:23:25,584 - MavLink - INFO - MAVLINK GPS:   GPS location: 0.0, 0.0
2025-03-19 18:23:25,584 - MavLink - INFO - -----------------------------------------------------------------
2025-03-19 18:23:28,707 - MavLink - INFO - -----------------------------------------------------------------
2025-03-19 18:23:28,708 - MavLink - INFO - GPS RAW INT
2025-03-19 18:23:28,708 - MavLink - INFO - MAVLINK GPS:   Devience in GPS is: 0.0
2025-03-19 18:23:28,708 - MavLink - INFO - MAVLINK GPS:   GPS location: 0.0, 0.0
2025-03-19 18:23:28,708 - MavLink - INFO - -----------------------------------------------------------------
2025-03-19 18:23:33,553 - MavLink - INFO - -----------------------------------------------------------------
2025-03-19 18:23:33,553 - MavLink - INFO - GPS RAW INT
2025-03-19 18:23:33,554 - MavLink - INFO - MAVLINK GPS:   Devience in GPS is: 0.0
2025-03-19 18:23:33,554 - MavLink - INFO - MAVLINK GPS:   GPS location: 0.0, 0.0
2025-03-19 18:23:33,555 - MavLink - INFO - -----------------------------------------------------------------
2025-03-19 18:23:38,398 - MavLink - INFO - -----------------------------------------------------------------
2025-03-19 18:23:38,429 - MavLink - INFO - GPS RAW INT
2025-03-19 18:23:38,430 - MavLink - INFO - MAVLINK GPS:   Devience in GPS is: 0.0
2025-03-19 18:23:38,430 - MavLink - INFO - MAVLINK GPS:   GPS location: 0.0, 0.0
2025-03-19 18:23:38,430 - MavLink - INFO - -----------------------------------------------------------------
2025-03-19 18:23:44,582 - MavLink - INFO - -----------------------------------------------------------------
2025-03-19 18:23:44,596 - MavLink - INFO - GPS RAW INT
2025-03-19 18:23:44,597 - MavLink - INFO - MAVLINK GPS:   Devience in GPS is: 0.0
2025-03-19 18:23:44,597 - MavLink - INFO - MAVLINK GPS:   GPS location: 0.0, 0.0
2025-03-19 18:23:44,597 - MavLink - INFO - -----------------------------------------------------------------
2025-03-19 18:30:04,471 - MavLink - INFO - -----------------------------------------------------------------
2025-03-19 18:30:04,472 - MavLink - INFO - GPS RAW INT
2025-03-19 18:30:04,473 - MavLink - INFO - MAVLINK GPS:   Devience in GPS is: 12546949.591142962
2025-03-19 18:30:04,474 - MavLink - INFO - MAVLINK GPS:   GPS location: 0.0, 0.0
2025-03-19 18:30:04,474 - MavLink - INFO - -----------------------------------------------------------------
2025-03-19 18:30:07,811 - MavLink - INFO - -----------------------------------------------------------------
2025-03-19 18:30:07,811 - MavLink - INFO - GPS RAW INT
2025-03-19 18:30:07,811 - MavLink - INFO - MAVLINK GPS:   Devience in GPS is: 0.0
2025-03-19 18:30:07,812 - MavLink - INFO - MAVLINK GPS:   GPS location: 0.0, 0.0
2025-03-19 18:30:07,812 - MavLink - INFO - -----------------------------------------------------------------
2025-03-19 18:30:15,328 - MavLink - INFO - -----------------------------------------------------------------
2025-03-19 18:30:15,341 - MavLink - INFO - GPS RAW INT
2025-03-19 18:30:15,341 - MavLink - INFO - MAVLINK GPS:   Devience in GPS is: 0.0
2025-03-19 18:30:15,342 - MavLink - INFO - MAVLINK GPS:   GPS location: 0.0, 0.0
2025-03-19 18:30:15,342 - MavLink - INFO - -----------------------------------------------------------------
2025-03-19 18:30:20,043 - MavLink - INFO - -----------------------------------------------------------------
2025-03-19 18:30:20,056 - MavLink - INFO - GPS RAW INT
2025-03-19 18:30:20,056 - MavLink - INFO - MAVLINK GPS:   Devience in GPS is: 0.0
2025-03-19 18:30:20,056 - MavLink - INFO - MAVLINK GPS:   GPS location: 0.0, 0.0
2025-03-19 18:30:20,056 - MavLink - INFO - -----------------------------------------------------------------
2025-03-19 18:30:26,754 - MavLink - INFO - -----------------------------------------------------------------
2025-03-19 18:30:26,754 - MavLink - INFO - GPS RAW INT
2025-03-19 18:30:26,755 - MavLink - INFO - MAVLINK GPS:   Devience in GPS is: 0.0
2025-03-19 18:30:26,755 - MavLink - INFO - MAVLINK GPS:   GPS location: 0.0, 0.0
2025-03-19 18:30:26,755 - MavLink - INFO - -----------------------------------------------------------------
2025-03-19 18:30:31,349 - MavLink - INFO - -----------------------------------------------------------------
2025-03-19 18:30:31,362 - MavLink - INFO - GPS RAW INT
2025-03-19 18:30:31,384 - MavLink - INFO - MAVLINK GPS:   Devience in GPS is: 0.0
2025-03-19 18:30:31,385 - MavLink - INFO - MAVLINK GPS:   GPS location: 0.0, 0.0
2025-03-19 18:30:31,385 - MavLink - INFO - -----------------------------------------------------------------
2025-03-19 18:31:49,935 - MavLink - INFO - -----------------------------------------------------------------
2025-03-19 18:31:49,946 - MavLink - INFO - GPS RAW INT
2025-03-19 18:31:49,947 - MavLink - INFO - MAVLINK GPS:   Devience in GPS is: 12546949.591142962
2025-03-19 18:31:49,948 - MavLink - INFO - MAVLINK GPS:   GPS location: 0.0, 0.0
2025-03-19 18:31:49,948 - MavLink - INFO - -----------------------------------------------------------------
2025-03-19 18:31:53,579 - MavLink - INFO - -----------------------------------------------------------------
2025-03-19 18:31:53,580 - MavLink - INFO - GPS RAW INT
2025-03-19 18:31:53,580 - MavLink - INFO - MAVLINK GPS:   Devience in GPS is: 0.0
2025-03-19 18:31:53,580 - MavLink - INFO - MAVLINK GPS:   GPS location: 0.0, 0.0
2025-03-19 18:31:53,580 - MavLink - INFO - -----------------------------------------------------------------
2025-03-19 18:32:01,984 - MavLink - INFO - -----------------------------------------------------------------
2025-03-19 18:32:02,278 - MavLink - INFO - GPS RAW INT
2025-03-19 18:32:02,279 - MavLink - INFO - MAVLINK GPS:   Devience in GPS is: 0.0
2025-03-19 18:32:02,279 - MavLink - INFO - MAVLINK GPS:   GPS location: 0.0, 0.0
2025-03-19 18:32:02,279 - MavLink - INFO - -----------------------------------------------------------------
2025-03-19 18:32:10,148 - MavLink - INFO - -----------------------------------------------------------------
2025-03-19 18:32:10,289 - MavLink - INFO - GPS RAW INT
2025-03-19 18:32:10,290 - MavLink - INFO - MAVLINK GPS:   Devience in GPS is: 0.0
2025-03-19 18:32:10,290 - MavLink - INFO - MAVLINK GPS:   GPS location: 0.0, 0.0
2025-03-19 18:32:10,290 - MavLink - INFO - -----------------------------------------------------------------
2025-03-19 18:32:14,836 - MavLink - INFO - -----------------------------------------------------------------
2025-03-19 18:32:14,836 - MavLink - INFO - GPS RAW INT
2025-03-19 18:32:14,837 - MavLink - INFO - MAVLINK GPS:   Devience in GPS is: 0.0
2025-03-19 18:32:14,837 - MavLink - INFO - MAVLINK GPS:   GPS location: 0.0, 0.0
2025-03-19 18:32:14,837 - MavLink - INFO - -----------------------------------------------------------------
2025-03-19 18:32:19,074 - MavLink - INFO - -----------------------------------------------------------------
2025-03-19 18:32:19,459 - MavLink - INFO - GPS RAW INT
2025-03-19 18:32:19,460 - MavLink - INFO - MAVLINK GPS:   Devience in GPS is: 0.0
2025-03-19 18:32:19,460 - MavLink - INFO - MAVLINK GPS:   GPS location: 0.0, 0.0
2025-03-19 18:32:19,460 - MavLink - INFO - -----------------------------------------------------------------
2025-03-19 18:32:22,485 - MavLink - INFO - -----------------------------------------------------------------
2025-03-19 18:32:22,485 - MavLink - INFO - GPS RAW INT
2025-03-19 18:32:22,486 - MavLink - INFO - MAVLINK GPS:   Devience in GPS is: 0.0
2025-03-19 18:32:22,486 - MavLink - INFO - MAVLINK GPS:   GPS location: 0.0, 0.0
2025-03-19 18:32:22,486 - MavLink - INFO - -----------------------------------------------------------------
2025-03-19 18:32:26,421 - MavLink - INFO - -----------------------------------------------------------------
2025-03-19 18:32:26,422 - MavLink - INFO - GPS RAW INT
2025-03-19 18:32:26,791 - MavLink - INFO - MAVLINK GPS:   Devience in GPS is: 0.0
2025-03-19 18:32:26,791 - MavLink - INFO - MAVLINK GPS:   GPS location: 0.0, 0.0
2025-03-19 18:32:26,791 - MavLink - INFO - -----------------------------------------------------------------
2025-03-19 18:32:30,318 - MavLink - INFO - -----------------------------------------------------------------
2025-03-19 18:32:30,319 - MavLink - INFO - GPS RAW INT
2025-03-19 18:32:30,320 - MavLink - INFO - MAVLINK GPS:   Devience in GPS is: 0.0
2025-03-19 18:32:30,320 - MavLink - INFO - MAVLINK GPS:   GPS location: 0.0, 0.0
2025-03-19 18:32:30,320 - MavLink - INFO - -----------------------------------------------------------------
2025-03-19 18:32:33,344 - MavLink - INFO - -----------------------------------------------------------------
2025-03-19 18:32:34,737 - MavLink - INFO - GPS RAW INT
2025-03-19 18:32:34,738 - MavLink - INFO - MAVLINK GPS:   Devience in GPS is: 0.0
2025-03-19 18:32:34,738 - MavLink - INFO - MAVLINK GPS:   GPS location: 0.0, 0.0
2025-03-19 18:32:34,738 - MavLink - INFO - -----------------------------------------------------------------
2025-03-19 18:32:43,726 - MavLink - INFO - -----------------------------------------------------------------
2025-03-19 18:32:43,726 - MavLink - INFO - GPS RAW INT
2025-03-19 18:32:43,727 - MavLink - INFO - MAVLINK GPS:   Devience in GPS is: 0.0
2025-03-19 18:32:43,727 - MavLink - INFO - MAVLINK GPS:   GPS location: 0.0, 0.0
2025-03-19 18:32:43,728 - MavLink - INFO - -----------------------------------------------------------------
2025-03-19 18:32:49,706 - MavLink - INFO - -----------------------------------------------------------------
2025-03-19 18:32:49,706 - MavLink - INFO - GPS RAW INT
2025-03-19 18:32:49,707 - MavLink - INFO - MAVLINK GPS:   Devience in GPS is: 0.0
2025-03-19 18:32:49,707 - MavLink - INFO - MAVLINK GPS:   GPS location: 0.0, 0.0
2025-03-19 18:32:49,707 - MavLink - INFO - -----------------------------------------------------------------
2025-03-19 18:35:03,379 - MavLink - INFO - -----------------------------------------------------------------
2025-03-19 18:35:03,459 - MavLink - INFO - GPS RAW INT
2025-03-19 18:35:03,460 - MavLink - INFO - MAVLINK GPS:   Devience in GPS is: 12546949.591142962
2025-03-19 18:35:03,461 - MavLink - INFO - MAVLINK GPS:   GPS location: 0.0, 0.0
2025-03-19 18:35:03,461 - MavLink - INFO - -----------------------------------------------------------------
2025-03-19 18:35:10,070 - MavLink - INFO - -----------------------------------------------------------------
2025-03-19 18:35:10,087 - MavLink - INFO - GPS RAW INT
2025-03-19 18:35:10,090 - MavLink - INFO - MAVLINK GPS:   Devience in GPS is: 0.0
2025-03-19 18:35:10,092 - MavLink - INFO - MAVLINK GPS:   GPS location: 0.0, 0.0
2025-03-19 18:35:10,093 - MavLink - INFO - -----------------------------------------------------------------
2025-03-19 18:35:18,300 - MavLink - INFO - -----------------------------------------------------------------
2025-03-19 18:35:18,782 - MavLink - INFO - GPS RAW INT
2025-03-19 18:35:18,782 - MavLink - INFO - MAVLINK GPS:   Devience in GPS is: 0.0
2025-03-19 18:35:18,783 - MavLink - INFO - MAVLINK GPS:   GPS location: 0.0, 0.0
2025-03-19 18:35:18,783 - MavLink - INFO - -----------------------------------------------------------------
2025-03-19 18:35:25,137 - MavLink - INFO - -----------------------------------------------------------------
2025-03-19 18:35:25,138 - MavLink - INFO - GPS RAW INT
2025-03-19 18:35:25,139 - MavLink - INFO - MAVLINK GPS:   Devience in GPS is: 0.0
2025-03-19 18:35:25,139 - MavLink - INFO - MAVLINK GPS:   GPS location: 0.0, 0.0
2025-03-19 18:35:25,139 - MavLink - INFO - -----------------------------------------------------------------
2025-03-19 18:35:30,591 - MavLink - INFO - -----------------------------------------------------------------
2025-03-19 18:35:30,592 - MavLink - INFO - GPS RAW INT
2025-03-19 18:35:30,592 - MavLink - INFO - MAVLINK GPS:   Devience in GPS is: 0.0
2025-03-19 18:35:30,593 - MavLink - INFO - MAVLINK GPS:   GPS location: 0.0, 0.0
2025-03-19 18:35:30,593 - MavLink - INFO - -----------------------------------------------------------------
2025-03-19 18:35:37,757 - MavLink - INFO - -----------------------------------------------------------------
2025-03-19 18:35:37,758 - MavLink - INFO - GPS RAW INT
2025-03-19 18:35:37,759 - MavLink - INFO - MAVLINK GPS:   Devience in GPS is: 0.0
2025-03-19 18:35:37,759 - MavLink - INFO - MAVLINK GPS:   GPS location: 0.0, 0.0
2025-03-19 18:35:37,760 - MavLink - INFO - -----------------------------------------------------------------
2025-03-19 18:35:40,892 - MavLink - INFO - -----------------------------------------------------------------
2025-03-19 18:35:40,892 - MavLink - INFO - GPS RAW INT
2025-03-19 18:35:40,893 - MavLink - INFO - MAVLINK GPS:   Devience in GPS is: 0.0
2025-03-19 18:35:40,893 - MavLink - INFO - MAVLINK GPS:   GPS location: 0.0, 0.0
2025-03-19 18:35:40,894 - MavLink - INFO - -----------------------------------------------------------------
2025-03-19 18:35:46,845 - MavLink - INFO - -----------------------------------------------------------------
2025-03-19 18:35:46,869 - MavLink - INFO - GPS RAW INT
2025-03-19 18:35:46,955 - MavLink - INFO - MAVLINK GPS:   Devience in GPS is: 0.0
2025-03-19 18:35:46,955 - MavLink - INFO - MAVLINK GPS:   GPS location: 0.0, 0.0
2025-03-19 18:35:46,955 - MavLink - INFO - -----------------------------------------------------------------
2025-03-19 18:35:51,394 - MavLink - INFO - -----------------------------------------------------------------
2025-03-19 18:35:51,394 - MavLink - INFO - GPS RAW INT
2025-03-19 18:35:51,395 - MavLink - INFO - MAVLINK GPS:   Devience in GPS is: 0.0
2025-03-19 18:35:51,395 - MavLink - INFO - MAVLINK GPS:   GPS location: 0.0, 0.0
2025-03-19 18:35:51,395 - MavLink - INFO - -----------------------------------------------------------------
2025-03-19 18:35:55,852 - MavLink - INFO - -----------------------------------------------------------------
2025-03-19 18:35:55,891 - MavLink - INFO - GPS RAW INT
2025-03-19 18:35:55,891 - MavLink - INFO - MAVLINK GPS:   Devience in GPS is: 0.0
2025-03-19 18:35:55,892 - MavLink - INFO - MAVLINK GPS:   GPS location: 0.0, 0.0
2025-03-19 18:35:55,892 - MavLink - INFO - -----------------------------------------------------------------
2025-03-19 18:36:00,231 - MavLink - INFO - -----------------------------------------------------------------
2025-03-19 18:36:00,232 - MavLink - INFO - GPS RAW INT
2025-03-19 18:36:00,233 - MavLink - INFO - MAVLINK GPS:   Devience in GPS is: 0.0
2025-03-19 18:36:00,233 - MavLink - INFO - MAVLINK GPS:   GPS location: 0.0, 0.0
2025-03-19 18:36:00,233 - MavLink - INFO - -----------------------------------------------------------------
2025-03-19 18:36:07,804 - MavLink - INFO - -----------------------------------------------------------------
2025-03-19 18:36:07,826 - MavLink - INFO - GPS RAW INT
2025-03-19 18:36:07,827 - MavLink - INFO - MAVLINK GPS:   Devience in GPS is: 0.0
2025-03-19 18:36:07,827 - MavLink - INFO - MAVLINK GPS:   GPS location: 0.0, 0.0
2025-03-19 18:36:07,827 - MavLink - INFO - -----------------------------------------------------------------
2025-03-19 18:36:11,966 - MavLink - INFO - -----------------------------------------------------------------
2025-03-19 18:36:12,118 - MavLink - INFO - GPS RAW INT
2025-03-19 18:36:12,119 - MavLink - INFO - MAVLINK GPS:   Devience in GPS is: 0.0
2025-03-19 18:36:12,119 - MavLink - INFO - MAVLINK GPS:   GPS location: 0.0, 0.0
2025-03-19 18:36:12,120 - MavLink - INFO - -----------------------------------------------------------------
2025-03-19 18:36:15,045 - MavLink - INFO - -----------------------------------------------------------------
2025-03-19 18:36:15,045 - MavLink - INFO - GPS RAW INT
2025-03-19 18:36:15,046 - MavLink - INFO - MAVLINK GPS:   Devience in GPS is: 0.0
2025-03-19 18:36:15,046 - MavLink - INFO - MAVLINK GPS:   GPS location: 0.0, 0.0
2025-03-19 18:36:15,046 - MavLink - INFO - -----------------------------------------------------------------
2025-03-19 18:36:20,566 - MavLink - INFO - -----------------------------------------------------------------
2025-03-19 18:36:20,566 - MavLink - INFO - GPS RAW INT
2025-03-19 18:36:20,567 - MavLink - INFO - MAVLINK GPS:   Devience in GPS is: 0.0
2025-03-19 18:36:20,567 - MavLink - INFO - MAVLINK GPS:   GPS location: 0.0, 0.0
2025-03-19 18:36:20,567 - MavLink - INFO - -----------------------------------------------------------------
